TN:
SF:src/App.tsx
FN:4,App
FNF:1
FNH:0
FNDA:0,App
DA:5,0
LF:1
LH:0
BRF:0
BRH:0
end_of_record
TN:
SF:src/components/AsciiMirror.tsx
FN:16,(anonymous_0)
FN:36,(anonymous_1)
FN:45,(anonymous_2)
FN:63,(anonymous_3)
FN:77,(anonymous_4)
FN:79,(anonymous_5)
FN:92,(anonymous_6)
FN:101,(anonymous_7)
FN:106,(anonymous_8)
FN:129,(anonymous_9)
FN:164,(anonymous_10)
FN:172,(anonymous_11)
FN:182,(anonymous_12)
FN:191,(anonymous_13)
FN:195,(anonymous_14)
FN:198,(anonymous_15)
FN:207,(anonymous_16)
FN:208,(anonymous_17)
FN:211,(anonymous_18)
FN:215,(anonymous_19)
FN:219,(anonymous_20)
FN:226,(anonymous_21)
FN:233,(anonymous_22)
FN:305,(anonymous_23)
FN:350,(anonymous_24)
FN:381,(anonymous_25)
FNF:26
FNH:0
FNDA:0,(anonymous_0)
FNDA:0,(anonymous_1)
FNDA:0,(anonymous_2)
FNDA:0,(anonymous_3)
FNDA:0,(anonymous_4)
FNDA:0,(anonymous_5)
FNDA:0,(anonymous_6)
FNDA:0,(anonymous_7)
FNDA:0,(anonymous_8)
FNDA:0,(anonymous_9)
FNDA:0,(anonymous_10)
FNDA:0,(anonymous_11)
FNDA:0,(anonymous_12)
FNDA:0,(anonymous_13)
FNDA:0,(anonymous_14)
FNDA:0,(anonymous_15)
FNDA:0,(anonymous_16)
FNDA:0,(anonymous_17)
FNDA:0,(anonymous_18)
FNDA:0,(anonymous_19)
FNDA:0,(anonymous_20)
FNDA:0,(anonymous_21)
FNDA:0,(anonymous_22)
FNDA:0,(anonymous_23)
FNDA:0,(anonymous_24)
FNDA:0,(anonymous_25)
DA:16,0
DA:21,0
DA:22,0
DA:23,0
DA:24,0
DA:25,0
DA:26,0
DA:27,0
DA:29,0
DA:30,0
DA:31,0
DA:32,0
DA:33,0
DA:36,0
DA:37,0
DA:38,0
DA:40,0
DA:45,0
DA:46,0
DA:48,0
DA:49,0
DA:56,0
DA:57,0
DA:59,0
DA:60,0
DA:61,0
DA:63,0
DA:64,0
DA:65,0
DA:66,0
DA:67,0
DA:68,0
DA:69,0
DA:70,0
DA:71,0
DA:72,0
DA:77,0
DA:78,0
DA:80,0
DA:84,0
DA:85,0
DA:86,0
DA:87,0
DA:92,0
DA:93,0
DA:94,0
DA:95,0
DA:96,0
DA:101,0
DA:102,0
DA:103,0
DA:105,0
DA:106,0
DA:107,0
DA:108,0
DA:110,0
DA:111,0
DA:119,0
DA:120,0
DA:121,0
DA:125,0
DA:129,0
DA:130,0
DA:131,0
DA:133,0
DA:134,0
DA:135,0
DA:138,0
DA:139,0
DA:140,0
DA:141,0
DA:149,0
DA:150,0
DA:151,0
DA:152,0
DA:157,0
DA:160,0
DA:164,0
DA:165,0
DA:167,0
DA:168,0
DA:169,0
DA:172,0
DA:173,0
DA:174,0
DA:175,0
DA:176,0
DA:182,0
DA:183,0
DA:184,0
DA:185,0
DA:186,0
DA:191,0
DA:192,0
DA:193,0
DA:195,0
DA:197,0
DA:198,0
DA:200,0
DA:201,0
DA:207,0
DA:208,0
DA:209,0
DA:210,0
DA:211,0
DA:214,0
DA:215,0
DA:219,0
DA:220,0
DA:221,0
DA:226,0
DA:227,0
DA:229,0
DA:230,0
DA:231,0
DA:234,0
DA:246,0
DA:253,0
DA:254,0
DA:273,0
DA:305,0
DA:351,0
DA:352,0
DA:353,0
DA:354,0
DA:362,0
DA:363,0
DA:364,0
DA:365,0
DA:366,0
DA:367,0
DA:368,0
DA:369,0
DA:382,0
DA:383,0
DA:384,0
DA:385,0
DA:386,0
DA:393,0
DA:394,0
DA:395,0
DA:398,0
LF:142
LH:0
BRDA:59,0,0,0
BRDA:59,0,1,0
BRDA:65,1,0,0
BRDA:65,1,1,0
BRDA:67,2,0,0
BRDA:67,2,1,0
BRDA:67,3,0,0
BRDA:67,3,1,0
BRDA:93,4,0,0
BRDA:93,4,1,0
BRDA:103,5,0,0
BRDA:103,5,1,0
BRDA:103,6,0,0
BRDA:103,6,1,0
BRDA:120,7,0,0
BRDA:120,7,1,0
BRDA:133,8,0,0
BRDA:133,8,1,0
BRDA:133,9,0,0
BRDA:133,9,1,0
BRDA:133,9,2,0
BRDA:139,10,0,0
BRDA:139,10,1,0
BRDA:139,11,0,0
BRDA:139,11,1,0
BRDA:139,11,2,0
BRDA:149,12,0,0
BRDA:149,12,1,0
BRDA:149,13,0,0
BRDA:149,13,1,0
BRDA:151,14,0,0
BRDA:151,14,1,0
BRDA:167,15,0,0
BRDA:167,15,1,0
BRDA:174,16,0,0
BRDA:174,16,1,0
BRDA:183,17,0,0
BRDA:183,17,1,0
BRDA:183,18,0,0
BRDA:183,18,1,0
BRDA:197,19,0,0
BRDA:197,19,1,0
BRDA:200,20,0,0
BRDA:200,20,1,0
BRDA:209,21,0,0
BRDA:209,21,1,0
BRDA:220,22,0,0
BRDA:220,22,1,0
BRDA:227,23,0,0
BRDA:227,23,1,0
BRDA:229,24,0,0
BRDA:229,24,1,0
BRDA:229,25,0,0
BRDA:229,25,1,0
BRDA:236,26,0,0
BRDA:236,26,1,0
BRDA:253,27,0,0
BRDA:253,27,1,0
BRDA:286,28,0,0
BRDA:286,28,1,0
BRDA:324,29,0,0
BRDA:324,29,1,0
BRDA:326,30,0,0
BRDA:326,30,1,0
BRDA:329,31,0,0
BRDA:329,31,1,0
BRDA:331,32,0,0
BRDA:331,32,1,0
BRDA:338,33,0,0
BRDA:338,33,1,0
BRDA:348,34,0,0
BRDA:348,34,1,0
BRDA:348,34,2,0
BRDA:348,34,3,0
BRDA:352,35,0,0
BRDA:352,35,1,0
BRDA:352,36,0,0
BRDA:352,36,1,0
BRDA:362,37,0,0
BRDA:362,37,1,0
BRDA:362,38,0,0
BRDA:362,38,1,0
BRDA:367,39,0,0
BRDA:367,39,1,0
BRDA:379,40,0,0
BRDA:379,40,1,0
BRDA:379,40,2,0
BRDA:383,41,0,0
BRDA:383,41,1,0
BRDA:383,42,0,0
BRDA:383,42,1,0
BRDA:394,43,0,0
BRDA:394,43,1,0
BRF:93
BRH:0
end_of_record
TN:
SF:src/components/SimpleAsciiMirror.tsx
FN:15,(anonymous_0)
FN:39,(anonymous_1)
FN:79,(anonymous_2)
FN:88,(anonymous_3)
FN:92,(anonymous_4)
FN:101,(anonymous_5)
FN:109,(anonymous_6)
FN:123,(anonymous_7)
FN:140,(anonymous_8)
FN:141,(anonymous_9)
FN:145,(anonymous_10)
FN:150,(anonymous_11)
FN:168,(anonymous_12)
FN:174,(anonymous_13)
FN:181,(anonymous_14)
FN:182,(anonymous_15)
FN:217,(anonymous_16)
FN:242,(anonymous_17)
FN:254,(anonymous_18)
FN:263,(anonymous_19)
FN:277,(anonymous_20)
FN:289,(anonymous_21)
FN:301,(anonymous_22)
FN:368,(anonymous_23)
FNF:24
FNH:0
FNDA:0,(anonymous_0)
FNDA:0,(anonymous_1)
FNDA:0,(anonymous_2)
FNDA:0,(anonymous_3)
FNDA:0,(anonymous_4)
FNDA:0,(anonymous_5)
FNDA:0,(anonymous_6)
FNDA:0,(anonymous_7)
FNDA:0,(anonymous_8)
FNDA:0,(anonymous_9)
FNDA:0,(anonymous_10)
FNDA:0,(anonymous_11)
FNDA:0,(anonymous_12)
FNDA:0,(anonymous_13)
FNDA:0,(anonymous_14)
FNDA:0,(anonymous_15)
FNDA:0,(anonymous_16)
FNDA:0,(anonymous_17)
FNDA:0,(anonymous_18)
FNDA:0,(anonymous_19)
FNDA:0,(anonymous_20)
FNDA:0,(anonymous_21)
FNDA:0,(anonymous_22)
FNDA:0,(anonymous_23)
DA:15,0
DA:16,0
DA:17,0
DA:18,0
DA:19,0
DA:20,0
DA:21,0
DA:22,0
DA:23,0
DA:26,0
DA:36,0
DA:39,0
DA:40,0
DA:41,0
DA:42,0
DA:45,0
DA:46,0
DA:47,0
DA:49,0
DA:50,0
DA:51,0
DA:54,0
DA:55,0
DA:56,0
DA:58,0
DA:59,0
DA:60,0
DA:61,0
DA:62,0
DA:63,0
DA:65,0
DA:66,0
DA:68,0
DA:70,0
DA:72,0
DA:76,0
DA:79,0
DA:81,0
DA:84,0
DA:88,0
DA:89,0
DA:90,0
DA:92,0
DA:93,0
DA:94,0
DA:95,0
DA:101,0
DA:102,0
DA:103,0
DA:105,0
DA:109,0
DA:110,0
DA:111,0
DA:113,0
DA:117,0
DA:119,0
DA:120,0
DA:121,0
DA:123,0
DA:124,0
DA:127,0
DA:130,0
DA:131,0
DA:134,0
DA:135,0
DA:140,0
DA:141,0
DA:145,0
DA:146,0
DA:150,0
DA:151,0
DA:153,0
DA:156,0
DA:157,0
DA:158,0
DA:159,0
DA:160,0
DA:161,0
DA:162,0
DA:163,0
DA:164,0
DA:168,0
DA:169,0
DA:171,0
DA:172,0
DA:173,0
DA:174,0
DA:176,0
DA:181,0
DA:182,0
DA:184,0
DA:185,0
DA:188,0
DA:190,0
DA:191,0
DA:192,0
DA:194,0
DA:195,0
DA:196,0
DA:198,0
DA:199,0
DA:200,0
DA:202,0
DA:203,0
DA:204,0
DA:206,0
DA:207,0
DA:208,0
DA:210,0
DA:211,0
DA:212,0
DA:216,0
DA:217,0
DA:220,0
DA:242,0
DA:254,0
DA:263,0
DA:277,0
DA:289,0
DA:301,0
DA:369,0
LF:121
LH:0
BRDA:40,0,0,0
BRDA:40,0,1,0
BRDA:40,1,0,0
BRDA:40,1,1,0
BRDA:49,2,0,0
BRDA:49,2,1,0
BRDA:58,3,0,0
BRDA:58,3,1,0
BRDA:58,4,0,0
BRDA:58,4,1,0
BRDA:58,4,2,0
BRDA:65,5,0,0
BRDA:65,5,1,0
BRDA:93,6,0,0
BRDA:93,6,1,0
BRDA:102,7,0,0
BRDA:102,7,1,0
BRDA:119,8,0,0
BRDA:119,8,1,0
BRDA:151,9,0,0
BRDA:151,9,1,0
BRDA:169,10,0,0
BRDA:169,10,1,0
BRDA:184,11,0,0
BRDA:184,11,1,0
BRDA:184,12,0,0
BRDA:184,12,1,0
BRDA:188,13,0,0
BRDA:188,13,1,0
BRDA:188,13,2,0
BRDA:188,13,3,0
BRDA:188,13,4,0
BRDA:188,13,5,0
BRDA:304,14,0,0
BRDA:304,14,1,0
BRDA:330,15,0,0
BRDA:330,15,1,0
BRDA:331,16,0,0
BRDA:331,16,1,0
BRDA:345,17,0,0
BRDA:345,17,1,0
BRDA:346,18,0,0
BRDA:346,18,1,0
BRDA:366,19,0,0
BRDA:366,19,1,0
BRDA:366,20,0,0
BRDA:366,20,1,0
BRDA:372,21,0,0
BRDA:372,21,1,0
BRDA:384,22,0,0
BRDA:384,22,1,0
BRF:51
BRH:0
end_of_record
TN:
SF:src/lib/ascii.ts
FN:37,calculateLuminance
FN:51,createBrightnessLUT
FN:79,calculateGridDimensions
FN:97,imageDataToAscii
FN:170,(anonymous_4)
FN:188,(anonymous_5)
FN:219,(anonymous_6)
FN:245,(anonymous_7)
FNF:8
FNH:4
FNDA:38,calculateLuminance
FNDA:15,createBrightnessLUT
FNDA:4,calculateGridDimensions
FNDA:6,imageDataToAscii
FNDA:0,(anonymous_4)
FNDA:0,(anonymous_5)
FNDA:0,(anonymous_6)
FNDA:0,(anonymous_7)
DA:10,2
DA:19,2
DA:24,2
DA:38,38
DA:52,15
DA:53,1
DA:56,14
DA:57,14
DA:59,14
DA:60,3584
DA:62,3584
DA:63,256
DA:66,3584
DA:69,14
DA:84,4
DA:85,4
DA:104,6
DA:105,6
DA:106,6
DA:108,6
DA:109,6
DA:111,6
DA:112,13
DA:113,13
DA:115,13
DA:117,33
DA:118,33
DA:120,33
DA:121,33
DA:122,33
DA:123,33
DA:125,33
DA:126,36
DA:127,44
DA:128,44
DA:129,44
DA:130,44
DA:131,44
DA:135,33
DA:136,32
DA:137,32
DA:138,32
DA:140,32
DA:141,32
DA:143,32
DA:145,32
DA:146,4
DA:149,1
DA:153,13
DA:154,13
DA:155,2
DA:159,6
DA:168,0
DA:171,0
DA:172,0
DA:173,0
DA:174,0
DA:176,0
DA:196,0
DA:197,0
DA:198,0
DA:202,0
DA:205,0
DA:208,0
DA:227,0
DA:228,0
DA:230,0
DA:231,0
DA:233,0
DA:253,0
DA:254,0
DA:257,0
DA:260,0
DA:263,0
LF:74
LH:52
BRDA:51,0,0,0
BRDA:52,1,0,1
BRDA:52,1,1,14
BRDA:52,2,0,15
BRDA:52,2,1,15
BRDA:62,3,0,256
BRDA:62,3,1,3328
BRDA:102,4,0,0
BRDA:135,5,0,32
BRDA:135,5,1,1
BRDA:145,6,0,4
BRDA:145,6,1,28
BRDA:154,7,0,2
BRDA:154,7,1,11
BRDA:159,8,0,1
BRDA:159,8,1,5
BRDA:173,9,0,0
BRDA:173,9,1,0
BRDA:193,10,0,0
BRDA:196,11,0,0
BRDA:196,11,1,0
BRDA:196,12,0,0
BRDA:196,12,1,0
BRDA:224,13,0,0
BRDA:250,14,0,0
BRDA:253,15,0,0
BRDA:253,15,1,0
BRDA:254,16,0,0
BRDA:254,16,1,0
BRF:29
BRH:14
end_of_record
TN:
SF:src/types/ascii.ts
FNF:0
FNH:0
LF:0
LH:0
BRF:0
BRH:0
end_of_record
